mode: count
github.com/sborsh1kmusora/auth/internal/api/user/create.go:11.109,13.16 2 0
github.com/sborsh1kmusora/auth/internal/api/user/create.go:13.16,16.3 2 0
github.com/sborsh1kmusora/auth/internal/api/user/create.go:18.2,20.42 2 0
github.com/sborsh1kmusora/auth/internal/api/user/delete.go:13.101,14.58 1 0
github.com/sborsh1kmusora/auth/internal/api/user/delete.go:14.58,17.3 2 0
github.com/sborsh1kmusora/auth/internal/api/user/delete.go:19.2,19.28 1 0
github.com/sborsh1kmusora/auth/internal/api/user/get.go:13.100,15.16 2 0
github.com/sborsh1kmusora/auth/internal/api/user/get.go:15.16,18.3 2 0
github.com/sborsh1kmusora/auth/internal/api/user/get.go:20.2,24.8 2 0
github.com/sborsh1kmusora/auth/internal/api/user/service.go:13.73,17.2 1 0
github.com/sborsh1kmusora/auth/internal/api/user/update.go:14.101,15.88 1 0
github.com/sborsh1kmusora/auth/internal/api/user/update.go:15.88,18.3 2 0
github.com/sborsh1kmusora/auth/internal/api/user/update.go:20.2,20.28 1 0
github.com/sborsh1kmusora/auth/internal/service/user/create.go:9.82,11.16 2 0
github.com/sborsh1kmusora/auth/internal/service/user/create.go:11.16,13.3 1 0
github.com/sborsh1kmusora/auth/internal/service/user/create.go:15.2,15.16 1 0
github.com/sborsh1kmusora/auth/internal/service/user/delete.go:5.60,6.51 1 0
github.com/sborsh1kmusora/auth/internal/service/user/delete.go:6.51,8.3 1 0
github.com/sborsh1kmusora/auth/internal/service/user/delete.go:9.2,9.12 1 0
github.com/sborsh1kmusora/auth/internal/service/user/get.go:9.72,11.16 2 0
github.com/sborsh1kmusora/auth/internal/service/user/get.go:11.16,13.3 1 0
github.com/sborsh1kmusora/auth/internal/service/user/get.go:15.2,15.18 1 0
github.com/sborsh1kmusora/auth/internal/service/user/service.go:17.23,22.2 1 0
github.com/sborsh1kmusora/auth/internal/service/user/update.go:9.73,10.51 1 0
github.com/sborsh1kmusora/auth/internal/service/user/update.go:10.51,12.3 1 0
github.com/sborsh1kmusora/auth/internal/service/user/update.go:13.2,13.12 1 0
github.com/sborsh1kmusora/auth/internal/api/user/create.go:11.109,13.16 2 10
github.com/sborsh1kmusora/auth/internal/api/user/create.go:13.16,16.3 2 5
github.com/sborsh1kmusora/auth/internal/api/user/create.go:18.2,20.42 2 5
github.com/sborsh1kmusora/auth/internal/api/user/delete.go:13.101,14.58 1 0
github.com/sborsh1kmusora/auth/internal/api/user/delete.go:14.58,17.3 2 0
github.com/sborsh1kmusora/auth/internal/api/user/delete.go:19.2,19.28 1 0
github.com/sborsh1kmusora/auth/internal/api/user/get.go:13.100,15.16 2 0
github.com/sborsh1kmusora/auth/internal/api/user/get.go:15.16,18.3 2 0
github.com/sborsh1kmusora/auth/internal/api/user/get.go:20.2,24.8 2 0
github.com/sborsh1kmusora/auth/internal/api/user/service.go:13.73,17.2 1 10
github.com/sborsh1kmusora/auth/internal/api/user/update.go:14.101,15.88 1 0
github.com/sborsh1kmusora/auth/internal/api/user/update.go:15.88,18.3 2 0
github.com/sborsh1kmusora/auth/internal/api/user/update.go:20.2,20.28 1 0
github.com/sborsh1kmusora/auth/internal/service/user/create.go:9.82,11.16 2 0
github.com/sborsh1kmusora/auth/internal/service/user/create.go:11.16,13.3 1 0
github.com/sborsh1kmusora/auth/internal/service/user/create.go:15.2,15.16 1 0
github.com/sborsh1kmusora/auth/internal/service/user/delete.go:5.60,6.51 1 0
github.com/sborsh1kmusora/auth/internal/service/user/delete.go:6.51,8.3 1 0
github.com/sborsh1kmusora/auth/internal/service/user/delete.go:9.2,9.12 1 0
github.com/sborsh1kmusora/auth/internal/service/user/get.go:9.72,11.16 2 0
github.com/sborsh1kmusora/auth/internal/service/user/get.go:11.16,13.3 1 0
github.com/sborsh1kmusora/auth/internal/service/user/get.go:15.2,15.18 1 0
github.com/sborsh1kmusora/auth/internal/service/user/service.go:17.23,22.2 1 0
github.com/sborsh1kmusora/auth/internal/service/user/update.go:9.73,10.51 1 0
github.com/sborsh1kmusora/auth/internal/service/user/update.go:10.51,12.3 1 0
github.com/sborsh1kmusora/auth/internal/service/user/update.go:13.2,13.12 1 0
github.com/sborsh1kmusora/auth/internal/api/user/create.go:11.109,13.16 2 0
github.com/sborsh1kmusora/auth/internal/api/user/create.go:13.16,16.3 2 0
github.com/sborsh1kmusora/auth/internal/api/user/create.go:18.2,20.42 2 0
github.com/sborsh1kmusora/auth/internal/api/user/delete.go:13.101,14.58 1 0
github.com/sborsh1kmusora/auth/internal/api/user/delete.go:14.58,17.3 2 0
github.com/sborsh1kmusora/auth/internal/api/user/delete.go:19.2,19.28 1 0
github.com/sborsh1kmusora/auth/internal/api/user/get.go:13.100,15.16 2 0
github.com/sborsh1kmusora/auth/internal/api/user/get.go:15.16,18.3 2 0
github.com/sborsh1kmusora/auth/internal/api/user/get.go:20.2,24.8 2 0
github.com/sborsh1kmusora/auth/internal/api/user/service.go:13.73,17.2 1 0
github.com/sborsh1kmusora/auth/internal/api/user/update.go:14.101,15.88 1 0
github.com/sborsh1kmusora/auth/internal/api/user/update.go:15.88,18.3 2 0
github.com/sborsh1kmusora/auth/internal/api/user/update.go:20.2,20.28 1 0
github.com/sborsh1kmusora/auth/internal/service/user/create.go:9.82,11.16 2 10
github.com/sborsh1kmusora/auth/internal/service/user/create.go:11.16,13.3 1 5
github.com/sborsh1kmusora/auth/internal/service/user/create.go:15.2,15.16 1 5
github.com/sborsh1kmusora/auth/internal/service/user/delete.go:5.60,6.51 1 0
github.com/sborsh1kmusora/auth/internal/service/user/delete.go:6.51,8.3 1 0
github.com/sborsh1kmusora/auth/internal/service/user/delete.go:9.2,9.12 1 0
github.com/sborsh1kmusora/auth/internal/service/user/get.go:9.72,11.16 2 0
github.com/sborsh1kmusora/auth/internal/service/user/get.go:11.16,13.3 1 0
github.com/sborsh1kmusora/auth/internal/service/user/get.go:15.2,15.18 1 0
github.com/sborsh1kmusora/auth/internal/service/user/service.go:17.23,22.2 1 10
github.com/sborsh1kmusora/auth/internal/service/user/update.go:9.73,10.51 1 0
github.com/sborsh1kmusora/auth/internal/service/user/update.go:10.51,12.3 1 0
github.com/sborsh1kmusora/auth/internal/service/user/update.go:13.2,13.12 1 0
